0 info it worked if it ends with ok
1 verbose cli [ '/usr/local/bin/node', '/usr/local/bin/npm', 'run', 'test' ]
2 info using npm@3.10.8
3 info using node@v7.0.0
4 verbose run-script [ 'pretest', 'test', 'posttest' ]
5 info lifecycle jest20200808@1.0.0~pretest: jest20200808@1.0.0
6 silly lifecycle jest20200808@1.0.0~pretest: no script for pretest, continuing
7 info lifecycle jest20200808@1.0.0~test: jest20200808@1.0.0
8 verbose lifecycle jest20200808@1.0.0~test: unsafe-perm in lifecycle true
9 verbose lifecycle jest20200808@1.0.0~test: PATH: /usr/local/lib/node_modules/npm/bin/node-gyp-bin:/Users/kaiyuyuan/Projects/magicMainland/Jest/jest20200808/node_modules/.bin:/usr/local/bin:/usr/bin:/bin:/usr/sbin:/sbin:/Library/Frameworks/Mono.framework/Versions/Current/Commands:/Users/kaiyuyuan/.nvm/versions/node/v10.15.3/bin:/usr/local/mysql/bin:/Users/kaiyuyuan/Library/Android/sdk/tools:/Users/kaiyuyuan/Library/Android/sdk/platform-tools:/usr/local/mongodb/bin
10 verbose lifecycle jest20200808@1.0.0~test: CWD: /Users/kaiyuyuan/Projects/magicMainland/Jest/jest20200808
11 silly lifecycle jest20200808@1.0.0~test: Args: [ '-c', 'jest --watchAll' ]
12 silly lifecycle jest20200808@1.0.0~test: Returned: code: 1  signal: null
13 info lifecycle jest20200808@1.0.0~test: Failed to exec test script
14 verbose stack Error: jest20200808@1.0.0 test: `jest --watchAll`
14 verbose stack Exit status 1
14 verbose stack     at EventEmitter.<anonymous> (/usr/local/lib/node_modules/npm/lib/utils/lifecycle.js:255:16)
14 verbose stack     at emitTwo (events.js:106:13)
14 verbose stack     at EventEmitter.emit (events.js:191:7)
14 verbose stack     at ChildProcess.<anonymous> (/usr/local/lib/node_modules/npm/lib/utils/spawn.js:40:14)
14 verbose stack     at emitTwo (events.js:106:13)
14 verbose stack     at ChildProcess.emit (events.js:191:7)
14 verbose stack     at maybeClose (internal/child_process.js:877:16)
14 verbose stack     at Process.ChildProcess._handle.onexit (internal/child_process.js:226:5)
15 verbose pkgid jest20200808@1.0.0
16 verbose cwd /Users/kaiyuyuan/Projects/magicMainland/Jest/jest20200808
17 error Darwin 18.7.0
18 error argv "/usr/local/bin/node" "/usr/local/bin/npm" "run" "test"
19 error node v7.0.0
20 error npm  v3.10.8
21 error code ELIFECYCLE
22 error jest20200808@1.0.0 test: `jest --watchAll`
22 error Exit status 1
23 error Failed at the jest20200808@1.0.0 test script 'jest --watchAll'.
23 error Make sure you have the latest version of node.js and npm installed.
23 error If you do, this is most likely a problem with the jest20200808 package,
23 error not with npm itself.
23 error Tell the author that this fails on your system:
23 error     jest --watchAll
23 error You can get information on how to open an issue for this project with:
23 error     npm bugs jest20200808
23 error Or if that isn't available, you can get their info via:
23 error     npm owner ls jest20200808
23 error There is likely additional logging output above.
24 verbose exit [ 1, true ]
